<?xml version="1.0" encoding="UTF-8"?>
<testsuite xmlns:xsi="http://www.w3.org/2001/XMLSchema-instance" xsi:noNamespaceSchemaLocation="https://maven.apache.org/surefire/maven-surefire-plugin/xsd/surefire-test-report-3.0.xsd" version="3.0" name="TestSuite" time="82.945" tests="5" errors="0" skipped="0" failures="0">
  <properties>
    <property name="java.specification.version" value="17"/>
    <property name="webdriver.chrome.driver" value="chromedriver.exe"/>
    <property name="sun.cpu.isalist" value="amd64"/>
    <property name="sun.jnu.encoding" value="Cp1252"/>
    <property name="java.class.path" value="C:\Users\home\eclipse-workspace\Selenium-Maven\target\test-classes;C:\Users\home\eclipse-workspace\Selenium-Maven\target\classes;C:\Users\home\.m2\repository\org\seleniumhq\selenium\selenium-java\3.141.59\selenium-java-3.141.59.jar;C:\Users\home\.m2\repository\org\seleniumhq\selenium\selenium-api\3.141.59\selenium-api-3.141.59.jar;C:\Users\home\.m2\repository\org\seleniumhq\selenium\selenium-chrome-driver\3.141.59\selenium-chrome-driver-3.141.59.jar;C:\Users\home\.m2\repository\org\seleniumhq\selenium\selenium-edge-driver\3.141.59\selenium-edge-driver-3.141.59.jar;C:\Users\home\.m2\repository\org\seleniumhq\selenium\selenium-firefox-driver\3.141.59\selenium-firefox-driver-3.141.59.jar;C:\Users\home\.m2\repository\org\seleniumhq\selenium\selenium-ie-driver\3.141.59\selenium-ie-driver-3.141.59.jar;C:\Users\home\.m2\repository\org\seleniumhq\selenium\selenium-opera-driver\3.141.59\selenium-opera-driver-3.141.59.jar;C:\Users\home\.m2\repository\org\seleniumhq\selenium\selenium-remote-driver\3.141.59\selenium-remote-driver-3.141.59.jar;C:\Users\home\.m2\repository\org\seleniumhq\selenium\selenium-safari-driver\3.141.59\selenium-safari-driver-3.141.59.jar;C:\Users\home\.m2\repository\org\seleniumhq\selenium\selenium-support\3.141.59\selenium-support-3.141.59.jar;C:\Users\home\.m2\repository\net\bytebuddy\byte-buddy\1.8.15\byte-buddy-1.8.15.jar;C:\Users\home\.m2\repository\org\apache\commons\commons-exec\1.3\commons-exec-1.3.jar;C:\Users\home\.m2\repository\com\google\guava\guava\25.0-jre\guava-25.0-jre.jar;C:\Users\home\.m2\repository\com\google\code\findbugs\jsr305\1.3.9\jsr305-1.3.9.jar;C:\Users\home\.m2\repository\org\checkerframework\checker-compat-qual\2.0.0\checker-compat-qual-2.0.0.jar;C:\Users\home\.m2\repository\com\google\errorprone\error_prone_annotations\2.1.3\error_prone_annotations-2.1.3.jar;C:\Users\home\.m2\repository\com\google\j2objc\j2objc-annotations\1.1\j2objc-annotations-1.1.jar;C:\Users\home\.m2\repository\org\codehaus\mojo\animal-sniffer-annotations\1.14\animal-sniffer-annotations-1.14.jar;C:\Users\home\.m2\repository\com\squareup\okhttp3\okhttp\3.11.0\okhttp-3.11.0.jar;C:\Users\home\.m2\repository\com\squareup\okio\okio\1.14.0\okio-1.14.0.jar;C:\Users\home\.m2\repository\org\testng\testng\6.14.3\testng-6.14.3.jar;C:\Users\home\.m2\repository\com\beust\jcommander\1.72\jcommander-1.72.jar;C:\Users\home\.m2\repository\org\apache-extras\beanshell\bsh\2.0b6\bsh-2.0b6.jar;C:\Users\home\.m2\repository\org\slf4j\slf4j-api\1.7.25\slf4j-api-1.7.25.jar;C:\Users\home\.m2\repository\org\slf4j\slf4j-simple\1.7.25\slf4j-simple-1.7.25.jar;C:\Users\home\.m2\repository\org\apache\poi\poi\4.1.2\poi-4.1.2.jar;C:\Users\home\.m2\repository\commons-codec\commons-codec\1.13\commons-codec-1.13.jar;C:\Users\home\.m2\repository\org\apache\commons\commons-collections4\4.4\commons-collections4-4.4.jar;C:\Users\home\.m2\repository\org\apache\commons\commons-math3\3.6.1\commons-math3-3.6.1.jar;C:\Users\home\.m2\repository\com\zaxxer\SparseBitSet\1.2\SparseBitSet-1.2.jar;C:\Users\home\.m2\repository\org\apache\poi\poi-ooxml\4.1.2\poi-ooxml-4.1.2.jar;C:\Users\home\.m2\repository\org\apache\commons\commons-compress\1.19\commons-compress-1.19.jar;C:\Users\home\.m2\repository\com\github\virtuald\curvesapi\1.06\curvesapi-1.06.jar;C:\Users\home\.m2\repository\org\apache\poi\poi-ooxml-schemas\4.1.2\poi-ooxml-schemas-4.1.2.jar;C:\Users\home\.m2\repository\org\apache\xmlbeans\xmlbeans\3.1.0\xmlbeans-3.1.0.jar;C:\Users\home\.m2\repository\com\relevantcodes\extentreports\2.41.2\extentreports-2.41.2.jar;C:\Users\home\.m2\repository\org\jsoup\jsoup\1.8.3\jsoup-1.8.3.jar;C:\Users\home\.m2\repository\org\xerial\sqlite-jdbc\3.8.11.1\sqlite-jdbc-3.8.11.1.jar;C:\Users\home\.m2\repository\org\freemarker\freemarker\2.3.23\freemarker-2.3.23.jar;C:\Users\home\.m2\repository\org\mongodb\mongodb-driver\3.0.4\mongodb-driver-3.0.4.jar;C:\Users\home\.m2\repository\org\mongodb\bson\3.0.4\bson-3.0.4.jar;C:\Users\home\.m2\repository\org\mongodb\mongodb-driver-core\3.0.4\mongodb-driver-core-3.0.4.jar;"/>
    <property name="java.vm.vendor" value="Oracle Corporation"/>
    <property name="sun.arch.data.model" value="64"/>
    <property name="user.variant" value=""/>
    <property name="java.vendor.url" value="https://java.oracle.com/"/>
    <property name="user.timezone" value="Asia/Calcutta"/>
    <property name="os.name" value="Windows 10"/>
    <property name="java.vm.specification.version" value="17"/>
    <property name="sun.java.launcher" value="SUN_STANDARD"/>
    <property name="user.country" value="US"/>
    <property name="sun.boot.library.path" value="C:\Program Files\Java\jdk-17.0.4\bin"/>
    <property name="sun.java.command" value="C:\Users\home\AppData\Local\Temp\surefire18043883036876256438\surefirebooter446275276136964758.jar C:\Users\home\AppData\Local\Temp\surefire18043883036876256438 2022-08-17T15-29-18_380-jvmRun1 surefire6414591325981928041tmp surefire_07207669134756420050tmp"/>
    <property name="jdk.debug" value="release"/>
    <property name="surefire.test.class.path" value="C:\Users\home\eclipse-workspace\Selenium-Maven\target\test-classes;C:\Users\home\eclipse-workspace\Selenium-Maven\target\classes;C:\Users\home\.m2\repository\org\seleniumhq\selenium\selenium-java\3.141.59\selenium-java-3.141.59.jar;C:\Users\home\.m2\repository\org\seleniumhq\selenium\selenium-api\3.141.59\selenium-api-3.141.59.jar;C:\Users\home\.m2\repository\org\seleniumhq\selenium\selenium-chrome-driver\3.141.59\selenium-chrome-driver-3.141.59.jar;C:\Users\home\.m2\repository\org\seleniumhq\selenium\selenium-edge-driver\3.141.59\selenium-edge-driver-3.141.59.jar;C:\Users\home\.m2\repository\org\seleniumhq\selenium\selenium-firefox-driver\3.141.59\selenium-firefox-driver-3.141.59.jar;C:\Users\home\.m2\repository\org\seleniumhq\selenium\selenium-ie-driver\3.141.59\selenium-ie-driver-3.141.59.jar;C:\Users\home\.m2\repository\org\seleniumhq\selenium\selenium-opera-driver\3.141.59\selenium-opera-driver-3.141.59.jar;C:\Users\home\.m2\repository\org\seleniumhq\selenium\selenium-remote-driver\3.141.59\selenium-remote-driver-3.141.59.jar;C:\Users\home\.m2\repository\org\seleniumhq\selenium\selenium-safari-driver\3.141.59\selenium-safari-driver-3.141.59.jar;C:\Users\home\.m2\repository\org\seleniumhq\selenium\selenium-support\3.141.59\selenium-support-3.141.59.jar;C:\Users\home\.m2\repository\net\bytebuddy\byte-buddy\1.8.15\byte-buddy-1.8.15.jar;C:\Users\home\.m2\repository\org\apache\commons\commons-exec\1.3\commons-exec-1.3.jar;C:\Users\home\.m2\repository\com\google\guava\guava\25.0-jre\guava-25.0-jre.jar;C:\Users\home\.m2\repository\com\google\code\findbugs\jsr305\1.3.9\jsr305-1.3.9.jar;C:\Users\home\.m2\repository\org\checkerframework\checker-compat-qual\2.0.0\checker-compat-qual-2.0.0.jar;C:\Users\home\.m2\repository\com\google\errorprone\error_prone_annotations\2.1.3\error_prone_annotations-2.1.3.jar;C:\Users\home\.m2\repository\com\google\j2objc\j2objc-annotations\1.1\j2objc-annotations-1.1.jar;C:\Users\home\.m2\repository\org\codehaus\mojo\animal-sniffer-annotations\1.14\animal-sniffer-annotations-1.14.jar;C:\Users\home\.m2\repository\com\squareup\okhttp3\okhttp\3.11.0\okhttp-3.11.0.jar;C:\Users\home\.m2\repository\com\squareup\okio\okio\1.14.0\okio-1.14.0.jar;C:\Users\home\.m2\repository\org\testng\testng\6.14.3\testng-6.14.3.jar;C:\Users\home\.m2\repository\com\beust\jcommander\1.72\jcommander-1.72.jar;C:\Users\home\.m2\repository\org\apache-extras\beanshell\bsh\2.0b6\bsh-2.0b6.jar;C:\Users\home\.m2\repository\org\slf4j\slf4j-api\1.7.25\slf4j-api-1.7.25.jar;C:\Users\home\.m2\repository\org\slf4j\slf4j-simple\1.7.25\slf4j-simple-1.7.25.jar;C:\Users\home\.m2\repository\org\apache\poi\poi\4.1.2\poi-4.1.2.jar;C:\Users\home\.m2\repository\commons-codec\commons-codec\1.13\commons-codec-1.13.jar;C:\Users\home\.m2\repository\org\apache\commons\commons-collections4\4.4\commons-collections4-4.4.jar;C:\Users\home\.m2\repository\org\apache\commons\commons-math3\3.6.1\commons-math3-3.6.1.jar;C:\Users\home\.m2\repository\com\zaxxer\SparseBitSet\1.2\SparseBitSet-1.2.jar;C:\Users\home\.m2\repository\org\apache\poi\poi-ooxml\4.1.2\poi-ooxml-4.1.2.jar;C:\Users\home\.m2\repository\org\apache\commons\commons-compress\1.19\commons-compress-1.19.jar;C:\Users\home\.m2\repository\com\github\virtuald\curvesapi\1.06\curvesapi-1.06.jar;C:\Users\home\.m2\repository\org\apache\poi\poi-ooxml-schemas\4.1.2\poi-ooxml-schemas-4.1.2.jar;C:\Users\home\.m2\repository\org\apache\xmlbeans\xmlbeans\3.1.0\xmlbeans-3.1.0.jar;C:\Users\home\.m2\repository\com\relevantcodes\extentreports\2.41.2\extentreports-2.41.2.jar;C:\Users\home\.m2\repository\org\jsoup\jsoup\1.8.3\jsoup-1.8.3.jar;C:\Users\home\.m2\repository\org\xerial\sqlite-jdbc\3.8.11.1\sqlite-jdbc-3.8.11.1.jar;C:\Users\home\.m2\repository\org\freemarker\freemarker\2.3.23\freemarker-2.3.23.jar;C:\Users\home\.m2\repository\org\mongodb\mongodb-driver\3.0.4\mongodb-driver-3.0.4.jar;C:\Users\home\.m2\repository\org\mongodb\bson\3.0.4\bson-3.0.4.jar;C:\Users\home\.m2\repository\org\mongodb\mongodb-driver-core\3.0.4\mongodb-driver-core-3.0.4.jar;"/>
    <property name="sun.cpu.endian" value="little"/>
    <property name="user.home" value="C:\Users\home"/>
    <property name="user.language" value="en"/>
    <property name="java.specification.vendor" value="Oracle Corporation"/>
    <property name="java.version.date" value="2022-07-19"/>
    <property name="java.home" value="C:\Program Files\Java\jdk-17.0.4"/>
    <property name="file.separator" value="\"/>
    <property name="basedir" value="C:\Users\home\eclipse-workspace\Selenium-Maven"/>
    <property name="java.vm.compressedOopsMode" value="32-bit"/>
    <property name="line.separator" value="&#10;"/>
    <property name="java.vm.specification.vendor" value="Oracle Corporation"/>
    <property name="java.specification.name" value="Java Platform API Specification"/>
    <property name="surefire.real.class.path" value="C:\Users\home\AppData\Local\Temp\surefire18043883036876256438\surefirebooter446275276136964758.jar"/>
    <property name="user.script" value=""/>
    <property name="sun.management.compiler" value="HotSpot 64-Bit Tiered Compilers"/>
    <property name="java.runtime.version" value="17.0.4+11-LTS-179"/>
    <property name="user.name" value="home"/>
    <property name="path.separator" value=";"/>
    <property name="os.version" value="10.0"/>
    <property name="java.runtime.name" value="Java(TM) SE Runtime Environment"/>
    <property name="file.encoding" value="Cp1252"/>
    <property name="java.vm.name" value="Java HotSpot(TM) 64-Bit Server VM"/>
    <property name="localRepository" value="C:\Users\home\.m2\repository"/>
    <property name="java.vendor.url.bug" value="https://bugreport.java.com/bugreport/"/>
    <property name="java.io.tmpdir" value="C:\Users\home\AppData\Local\Temp\"/>
    <property name="java.version" value="17.0.4"/>
    <property name="user.dir" value="C:\Users\home\eclipse-workspace\Selenium-Maven"/>
    <property name="os.arch" value="amd64"/>
    <property name="webdriver.gecko.driver" value="geckodriver.exe"/>
    <property name="java.vm.specification.name" value="Java Virtual Machine Specification"/>
    <property name="sun.os.patch.level" value=""/>
    <property name="native.encoding" value="Cp1252"/>
    <property name="java.library.path" value="C:\Program Files\Java\jdk-17.0.4\bin;C:\WINDOWS\Sun\Java\bin;C:\WINDOWS\system32;C:\WINDOWS;C:\apache-maven-3.8.6-bin\apache-maven-3.8.6/bin;C:\Program Files\Common Files\Oracle\Java\javapath;C:\WINDOWS\system32;C:\WINDOWS;C:\WINDOWS\System32\Wbem;C:\WINDOWS\System32\WindowsPowerShell\v1.0\;C:\WINDOWS\System32\OpenSSH\;C:\Program Files\Git\cmd;C:\Program Files\MySQL\MySQL Server 8.0\bin;C:\Program Files\Java\jdk-17.0.4\bin;C:\apache-maven-3.8.6-bin\apache-maven-3.8.6\bin;C:\Users\home\anaconda3;C:\Users\home\anaconda3\Library\mingw-w64\bin;C:\Users\home\anaconda3\Library\usr\bin;C:\Users\home\anaconda3\Library\bin;C:\Users\home\anaconda3\Scripts;C:\Users\home\AppData\Local\Programs\Python\Python310\Scripts\;C:\Users\home\AppData\Local\Programs\Python\Python310\;C:\Users\home\AppData\Local\Microsoft\WindowsApps;C:\Program Files\JetBrains\IntelliJ IDEA Community Edition 2021.3.1\bin;;."/>
    <property name="java.vm.info" value="mixed mode, sharing"/>
    <property name="java.vendor" value="Oracle Corporation"/>
    <property name="java.vm.version" value="17.0.4+11-LTS-179"/>
    <property name="sun.io.unicode.encoding" value="UnicodeLittle"/>
    <property name="java.class.version" value="61.0"/>
  </properties>
  <testcase name="ExternalDataTest" classname="testcases.LoginTest" time="13.98">
    <system-out><![CDATA[[TestNGContentHandler] [WARN] It is strongly recommended to add "<!DOCTYPE suite SYSTEM "http://testng.org/testng-1.0.dtd" >" at the top of your file, otherwise TestNG may fail or not work as expected.
]]></system-out>
    <system-err><![CDATA[Starting ChromeDriver 104.0.5112.79 (3cf3e8c8a07d104b9e1260c910efb8f383285dc5-refs/branch-heads/5112@{#1307}) on port 22571
Only local connections are allowed.
Please see https://chromedriver.chromium.org/security-considerations for suggestions on keeping ChromeDriver safe.
ChromeDriver was started successfully.
Aug 17, 2022 3:29:25 PM org.openqa.selenium.remote.ProtocolHandshake createSession
INFO: Detected dialect: W3C
]]></system-err>
  </testcase>
  <testcase name="LinkList" classname="testcases.LoginTest" time="2.135">
    <system-out><![CDATA[Total number of links are  ...152
https://www.simplilearn.com/job-guarantee-programs
https://www.simplilearn.com/resources
https://www.simplilearn.com/corporate-training
https://www.simplilearn.com/become-our-trainer
https://onlinetraining.simplilearn.com/hire-from-us
https://www.simplilearn.com/
https://lms.simplilearn.com/
https://www.simplilearn.com/#post-graduate-programs

https://www.simplilearn.com/ai-for-decision-making-program
https://www.simplilearn.com/product-management-certification-training-course
https://www.simplilearn.com/ms-in-artificial-intelligence
https://www.simplilearn.com/professional-certificate-digital-marketing
https://www.simplilearn.com/global-mba-program-online-course
https://www.simplilearn.com/pgp-cloud-computing-certification-training-course
https://www.simplilearn.com/pgp-data-science-certification-bootcamp-program
https://www.simplilearn.com/pgp-digital-supply-chain-management-certification-training-course
https://www.simplilearn.com/pgp-business-analysis-certification-training-course
https://www.simplilearn.com/iit-business-analytics-certification-program
https://www.simplilearn.com/pgp-digital-marketing-certification-program
https://www.simplilearn.com/pgp-ai-machine-learning-certification-training-course
https://www.simplilearn.com/blockchain-certification-training-course
https://www.simplilearn.com/pgp-devops-certification-training-course
https://www.simplilearn.com/pgp-advanced-executive-program-in-cyber-security
https://www.simplilearn.com/pgp-project-management-certification-training-course
https://www.simplilearn.com/pgp-lean-six-sigma-certification-training-course
https://www.simplilearn.com/pgp-full-stack-web-development-certification-training-course
https://www.simplilearn.com/pgp-data-analytics-certification-training-course
https://www.simplilearn.com/pgp-data-engineering-certification-training-course
https://www.simplilearn.com/pgp-cyber-security-certification-training-course
https://www.simplilearn.com/pgp-digital-transformation-certification-training-course
https://www.simplilearn.com/pgp-cloud-computing-professional-certificate-program
https://www.simplilearn.com/pgp-design-thinking-certification-training-course
https://www.simplilearn.com/master-in-engineering-management
https://www.simplilearn.com/digital-marketing-course-placement-guarantee
https://www.simplilearn.com/java-full-stack-developer-certification-training-course
https://www.simplilearn.com/data-science-course-placement-guarantee
https://www.simplilearn.com/advanced-digital-marketing-certification-training-course
https://www.simplilearn.com/cloud-solutions-architect-masters-program-training
https://www.simplilearn.com/artificial-intelligence-masters-program-training-course
https://www.simplilearn.com/big-data-and-analytics/senior-data-scientist-masters-program-training
https://www.simplilearn.com/pmp-plus-bundle-masters-program
https://www.simplilearn.com/quality-management/lean-six-sigma-certification-training-all-in-one-bundle
https://www.simplilearn.com/devops-engineer-masters-program-certification-training
https://www.simplilearn.com/business-analyst-certification-training-course
https://www.simplilearn.com/digital-project-manager-masters-program-certification-training
https://www.simplilearn.com/full-stack-web-developer-mean-stack-certification-training
https://www.simplilearn.com/data-analyst-masters-certification-training-course
https://www.simplilearn.com/pmp-renewal-pack-to-earn-pdus-masters-program
https://www.simplilearn.com/cyber-security-expert-master-program-training-course
https://www.simplilearn.com/big-data-engineer-masters-certification-training-course
https://www.simplilearn.com/project-management/pmp-certification-training
https://www.simplilearn.com/agile-and-scrum/csm-certification-training
https://www.simplilearn.com/it-service-management/itil-foundation-training
https://www.simplilearn.com/quality-management/lean-six-sigma-green-belt-training
https://www.simplilearn.com/cloud-computing/aws-solution-architect-associate-training
https://www.simplilearn.com/cyber-security/ceh-certification
https://www.simplilearn.com/cyber-security/cisa-certification-training
https://www.simplilearn.com/project-management/prince2-foundation-certification-training
https://www.simplilearn.com/project-management/cbap-preparatory-course-training
https://www.simplilearn.com/cyber-security/cissp-certification-training
https://www.simplilearn.com/it-service-management/togaf-certification-program-training
https://www.switchup.org/bootcamps/simplilearn
https://www.trustpilot.com/review/simplilearn.com
https://www.coursereport.com/schools/simplilearn

https://www.linkedin.com/in/sameer-marathe-itil-csm-25655537/
https://www.linkedin.com/in/rajendra-prabhu-sivasamy-48557a19/
https://www.linkedin.com/in/goutamichitrapu/
https://www.linkedin.com/in/sabyasachisgupta/
https://www.linkedin.com/in/sreeram-narayan-49242890/
https://www.linkedin.com/in/satish-hiremath-b8945826/
https://www.simplilearn.com/corporate-training
https://www.simplilearn.com/corporate-training
https://stevieawards.com/sales/2018-stevie%C2%AE-award-winners
https://stevieawards.com/sales/2020-stevie%C2%AE-award-winners
https://tldrify.com/zx2
https://trainingindustry.com/top-training-companies/online-learning-libraries/2019-top-online-learning-library-companies/
https://trainingindustry.com/top-training-companies/online-learning-libraries/2020-top-online-learning-library-companies/
https://play.google.com/store/apps/details?id=com.mobile.simplilearn
https://apps.apple.com/app/simplilearn/id963042747?ls=1
https://www.simplilearn.com/refer-and-earn
https://www.facebook.com/simplilearn
https://www.twitter.com/simplilearn
https://www.youtube.com/user/Simplilearn
https://www.linkedin.com/company/simplilearn
https://web.telegram.org/#/im?p=@simplilearnupdates
https://t.me/simplilearnupdates
https://www.instagram.com/simplilearn_elearning/
https://www.simplilearn.com/about-us
https://www.simplilearn.com/careers
https://www.simplilearn.com/media
https://www.simplilearn.com/reviews
https://www.simplilearn.com/grievance-redressal
https://www.simplilearn.com/contact-us
https://www.simplilearn.com/become-our-trainer
https://www.simplilearn.com/guest-blogging
https://www.simplilearn.com/skillup-free-online-courses
https://www.simplilearn.com/skillup-sitemap
https://www.simplilearn.com/resources
https://www.simplilearn.com/feed
https://www.simplilearn.com/lp-offers-and-discount-coupon-codes
https://www.simplilearn.com/city-sitemap
https://www.simplilearn.com/corporate-training
https://www.simplilearn.com/reseller-partner-program-for-training-courses
https://www.simplilearn.com/digital-transformation-training
https://play.google.com/store/apps/details?id=com.mobile.simplilearn
https://apps.apple.com/app/simplilearn/id963042747?ls=1
https://www.simplilearn.com/pgp-project-management-certification-training-course
https://www.simplilearn.com/pgp-cyber-security-certification-training-course
https://www.simplilearn.com/pgp-data-science-certification-bootcamp-program
https://www.simplilearn.com/pgp-data-analytics-certification-training-course
https://www.simplilearn.com/pgp-business-analysis-certification-training-course
https://www.simplilearn.com/pgp-digital-marketing-certification-program
https://www.simplilearn.com/pgp-lean-six-sigma-certification-training-course
https://www.simplilearn.com/pgp-cloud-computing-certification-training-course
https://www.simplilearn.com/pgp-data-engineering-certification-training-course
https://www.simplilearn.com/pgp-ai-machine-learning-certification-training-course
https://www.simplilearn.com/pgp-full-stack-web-development-certification-training-course
https://www.simplilearn.com/pmp-plus-bundle-masters-program
https://www.simplilearn.com/big-data-engineer-masters-certification-training-course
https://www.simplilearn.com/big-data-and-analytics/senior-data-scientist-masters-program-training
https://www.simplilearn.com/data-analyst-masters-certification-training-course
https://www.simplilearn.com/artificial-intelligence-masters-program-training-course
https://www.simplilearn.com/cloud-solutions-architect-masters-program-training
https://www.simplilearn.com/devops-engineer-masters-program-certification-training
https://www.simplilearn.com/advanced-digital-marketing-certification-training-course
https://www.simplilearn.com/cyber-security-expert-master-program-training-course
https://www.simplilearn.com/full-stack-web-developer-mean-stack-certification-training
https://www.simplilearn.com/project-management/pmp-certification-training
https://www.simplilearn.com/big-data-and-analytics/big-data-and-hadoop-training
https://www.simplilearn.com/big-data-and-analytics/python-for-data-science-training
https://www.simplilearn.com/cloud-computing/aws-sysops-certification-training
https://www.simplilearn.com/cyber-security/cissp-certification-training
https://www.simplilearn.com/agile-and-scrum/csm-certification-training
https://www.simplilearn.com/it-service-management/itil-foundation-training
https://www.simplilearn.com/mobile-and-software-development/java-javaee-soa-development-training
https://www.simplilearn.com/mobile-and-software-development/python-development-training
https://www.simplilearn.com/tutorials/python-tutorial
https://www.simplilearn.com/tutorials/javascript-tutorial
https://www.simplilearn.com/tutorials/java-tutorial
https://www.simplilearn.com/tutorials/angular-tutorial
https://www.simplilearn.com/tutorials/nodejs-tutorial
https://www.simplilearn.com/tutorials/docker-tutorial
https://www.simplilearn.com/tutorials/git-tutorial
https://www.simplilearn.com/tutorials/kubernetes-tutorial
https://www.simplilearn.com/tutorials/power-bi-tutorial
https://www.simplilearn.com/tutorials/css-tutorial
https://www.simplilearn.com/terms-and-conditions#terms-of-use
https://www.simplilearn.com/terms-and-conditions#privacy-policy
https://www.simplilearn.com/terms-and-conditions#refund-policy
https://www.simplilearn.com/terms-and-conditions#rescheduling-policy
]]></system-out>
    <system-err><![CDATA[Starting ChromeDriver 104.0.5112.79 (3cf3e8c8a07d104b9e1260c910efb8f383285dc5-refs/branch-heads/5112@{#1307}) on port 13209
Only local connections are allowed.
Please see https://chromedriver.chromium.org/security-considerations for suggestions on keeping ChromeDriver safe.
ChromeDriver was started successfully.
Aug 17, 2022 3:29:43 PM org.openqa.selenium.remote.ProtocolHandshake createSession
INFO: Detected dialect: W3C
]]></system-err>
  </testcase>
  <testcase name="ParameterizedTest[1234@gmail.com, SfegBdx@l123](1)" classname="testcases.LoginTest" time="14.125">
    <system-err><![CDATA[Starting ChromeDriver 104.0.5112.79 (3cf3e8c8a07d104b9e1260c910efb8f383285dc5-refs/branch-heads/5112@{#1307}) on port 1995
Only local connections are allowed.
Please see https://chromedriver.chromium.org/security-considerations for suggestions on keeping ChromeDriver safe.
ChromeDriver was started successfully.
Aug 17, 2022 3:29:50 PM org.openqa.selenium.remote.ProtocolHandshake createSession
INFO: Detected dialect: W3C
]]></system-err>
  </testcase>
  <testcase name="loginFailureTest" classname="testcases.LoginTest" time="10.696">
    <system-err><![CDATA[Starting ChromeDriver 104.0.5112.79 (3cf3e8c8a07d104b9e1260c910efb8f383285dc5-refs/branch-heads/5112@{#1307}) on port 28017
Only local connections are allowed.
Please see https://chromedriver.chromium.org/security-considerations for suggestions on keeping ChromeDriver safe.
ChromeDriver was started successfully.
Aug 17, 2022 3:30:10 PM org.openqa.selenium.remote.ProtocolHandshake createSession
INFO: Detected dialect: W3C
]]></system-err>
  </testcase>
  <testcase name="loginSuccessTest" classname="testcases.LoginTest" time="13.507">
    <system-err><![CDATA[Starting ChromeDriver 104.0.5112.79 (3cf3e8c8a07d104b9e1260c910efb8f383285dc5-refs/branch-heads/5112@{#1307}) on port 2728
Only local connections are allowed.
Please see https://chromedriver.chromium.org/security-considerations for suggestions on keeping ChromeDriver safe.
ChromeDriver was started successfully.
Aug 17, 2022 3:30:25 PM org.openqa.selenium.remote.ProtocolHandshake createSession
INFO: Detected dialect: W3C
]]></system-err>
  </testcase>
</testsuite>