<?xml version="1.0" encoding="UTF-8"?>
<!-- Generated by org.testng.reporters.JUnitReportReporter -->
<testsuite hostname="DESKTOP-E8U6502" failures="0" tests="1" name="testcases.HomePage" time="4.882" errors="0" timestamp="11 Aug 2022 14:03:12 GMT" skipped="0">
  <testcase classname="testcases.HomePage" name="test1" time="4.882"/>
</testsuite> <!-- testcases.HomePage -->
