<?xml version="1.0" encoding="UTF-8"?>
<!-- Generated by org.testng.reporters.JUnitReportReporter -->
<testsuite hostname="DESKTOP-E8U6502" failures="0" tests="1" name="testcases.LoginTest" time="6.740" errors="0" timestamp="15 Aug 2022 15:05:00 GMT" skipped="0">
  <testcase classname="testcases.LoginTest" name="LinkList" time="6.740"/>
</testsuite> <!-- testcases.LoginTest -->
