<?xml version="1.0" encoding="UTF-8"?>
<!-- Generated by org.testng.reporters.JUnitReportReporter -->
<testsuite hostname="DESKTOP-E8U6502" failures="0" tests="5" name="testcases.LoginTest" time="78.934" errors="0" timestamp="17 Aug 2022 10:00:42 GMT" skipped="0">
  <testcase classname="testcases.LoginTest" name="LinkList" time="7.170"/>
  <testcase classname="testcases.LoginTest" name="ParameterizedTest" time="18.903"/>
  <testcase classname="testcases.LoginTest" name="ExternalDataTest" time="19.282"/>
  <testcase classname="testcases.LoginTest" name="loginFailureTest" time="15.283"/>
  <testcase classname="testcases.LoginTest" name="loginSuccessTest" time="18.296"/>
</testsuite> <!-- testcases.LoginTest -->
